<?xml version="1.0" encoding="UTF-8"?>
<testsuite name="Register" tests="1" skipped="1" failures="0" errors="0" timestamp="2023-09-27T17:09:21" hostname="CAMDFPCFAFSP008" time="0.051">
  <properties/>
  <testcase name="successful registration" classname="Register" time="0.051">
    <skipped/>
  </testcase>
  <system-out><![CDATA[]]></system-out>
  <system-err><![CDATA[[Test worker] INFO net.thucydides.core.steps.ConsoleLoggingListener - TEST PENDING
[Test worker] INFO net.thucydides.core.steps.ConsoleLoggingListener - 
          __  _____ _____ ____ _____   ____  _____ _   _ ____ ___ _   _  ____ 
 _       / / |_   _| ____/ ___|_   _| |  _ \| ____| \ | |  _ \_ _| \ | |/ ___|
(_)____ / /    | | |  _| \___ \ | |   | |_) |  _| |  \| | | | | ||  \| | |  _ 
 |_____/ /     | | | |___ ___) || |   |  __/| |___| |\  | |_| | || |\  | |_| |
(_)   /_/      |_| |_____|____/ |_|   |_|   |_____|_| \_|____/___|_| \_|\____|
                                                                                

TEST PENDING: successful registration
---------------------------------------------------------------------------------
]]></system-err>
</testsuite>
